Message[302] C:\USERS\MAURI\DESKTOP\MICROC_MICROP\PIC\PROJETO_FINAL.X\PROJETO.ASM 34 : Register in operand not in bank 0.  Ensure that bank bits are correct.
Message[302] C:\USERS\MAURI\DESKTOP\MICROC_MICROP\PIC\PROJETO_FINAL.X\PROJETO.ASM 37 : Register in operand not in bank 0.  Ensure that bank bits are correct.
Message[302] C:\USERS\MAURI\DESKTOP\MICROC_MICROP\PIC\PROJETO_FINAL.X\PROJETO.ASM 41 : Register in operand not in bank 0.  Ensure that bank bits are correct.
Message[302] C:\USERS\MAURI\DESKTOP\MICROC_MICROP\PIC\PROJETO_FINAL.X\PROJETO.ASM 44 : Register in operand not in bank 0.  Ensure that bank bits are correct.
Message[302] C:\USERS\MAURI\DESKTOP\MICROC_MICROP\PIC\PROJETO_FINAL.X\PROJETO.ASM 47 : Register in operand not in bank 0.  Ensure that bank bits are correct.
Warning[207] C:\USERS\MAURI\DESKTOP\MICROC_MICROP\PIC\PROJETO_FINAL.X\PROJETO.ASM 62 : Found label after column 1. (REINICIA_CANCELA)
Warning[207] C:\USERS\MAURI\DESKTOP\MICROC_MICROP\PIC\PROJETO_FINAL.X\PROJETO.ASM 92 : Found label after column 1. (aguarda_passagem_carro)
Warning[207] C:\USERS\MAURI\DESKTOP\MICROC_MICROP\PIC\PROJETO_FINAL.X\PROJETO.ASM 108 : Found label after column 1. (APC_INC_ALERTAS)
Warning[207] C:\USERS\MAURI\DESKTOP\MICROC_MICROP\PIC\PROJETO_FINAL.X\PROJETO.ASM 112 : Found label after column 1. (APC_PULA)
Warning[207] C:\USERS\MAURI\DESKTOP\MICROC_MICROP\PIC\PROJETO_FINAL.X\PROJETO.ASM 124 : Found label after column 1. (REINICIA)
Warning[207] C:\USERS\MAURI\DESKTOP\MICROC_MICROP\PIC\PROJETO_FINAL.X\PROJETO.ASM 128 : Found label after column 1. (ESPERA_POR_VEICULO)
Warning[207] C:\USERS\MAURI\DESKTOP\MICROC_MICROP\PIC\PROJETO_FINAL.X\PROJETO.ASM 129 : Found label after column 1. (EPV_LOOP)
Warning[207] C:\USERS\MAURI\DESKTOP\MICROC_MICROP\PIC\PROJETO_FINAL.X\PROJETO.ASM 141 : Found label after column 1. (PEGA_VALOR_DEBITO)
Warning[207] C:\USERS\MAURI\DESKTOP\MICROC_MICROP\PIC\PROJETO_FINAL.X\PROJETO.ASM 152 : Found label after column 1. (PULA_VALOR_4_EIXOS)
Warning[207] C:\USERS\MAURI\DESKTOP\MICROC_MICROP\PIC\PROJETO_FINAL.X\PROJETO.ASM 163 : Found label after column 1. (PULA_VALOR_3_EIXOS)
Warning[207] C:\USERS\MAURI\DESKTOP\MICROC_MICROP\PIC\PROJETO_FINAL.X\PROJETO.ASM 174 : Found label after column 1. (PULA_VALOR_CARRO)
Warning[207] C:\USERS\MAURI\DESKTOP\MICROC_MICROP\PIC\PROJETO_FINAL.X\PROJETO.ASM 182 : Found label after column 1. (PULA_FIM_VALOR_DEBITO)
Warning[207] C:\USERS\MAURI\DESKTOP\MICROC_MICROP\PIC\PROJETO_FINAL.X\PROJETO.ASM 187 : Found label after column 1. (RESETA_ALERTAS)
Warning[207] C:\USERS\MAURI\DESKTOP\MICROC_MICROP\PIC\PROJETO_FINAL.X\PROJETO.ASM 197 : Found label after column 1. (ALERTAS_STEP)
Message[305] C:\USERS\MAURI\DESKTOP\MICROC_MICROP\PIC\PROJETO_FINAL.X\PROJETO.ASM 206 : Using default destination of 1 (file).
Warning[207] C:\USERS\MAURI\DESKTOP\MICROC_MICROP\PIC\PROJETO_FINAL.X\PROJETO.ASM 209 : Found label after column 1. (TOGGLE_LUZ_ALERTA)
Warning[207] C:\USERS\MAURI\DESKTOP\MICROC_MICROP\PIC\PROJETO_FINAL.X\PROJETO.ASM 216 : Found label after column 1. (DESLIGA_LUZ_ALERTA)
Warning[207] C:\USERS\MAURI\DESKTOP\MICROC_MICROP\PIC\PROJETO_FINAL.X\PROJETO.ASM 219 : Found label after column 1. (PULA_LUZ_ALERTA)
Message[305] C:\USERS\MAURI\DESKTOP\MICROC_MICROP\PIC\PROJETO_FINAL.X\PROJETO.ASM 228 : Using default destination of 1 (file).
Warning[207] C:\USERS\MAURI\DESKTOP\MICROC_MICROP\PIC\PROJETO_FINAL.X\PROJETO.ASM 231 : Found label after column 1. (TOGGLE_SOM_ALERTA)
Warning[207] C:\USERS\MAURI\DESKTOP\MICROC_MICROP\PIC\PROJETO_FINAL.X\PROJETO.ASM 234 : Found label after column 1. (PULA_SOM_ALERTA)
Warning[207] C:\USERS\MAURI\DESKTOP\MICROC_MICROP\PIC\PROJETO_FINAL.X\PROJETO.ASM 240 : Found label after column 1. (AGUARDA_PAGAMENTO)
Warning[207] C:\USERS\MAURI\DESKTOP\MICROC_MICROP\PIC\PROJETO_FINAL.X\PROJETO.ASM 252 : Found label after column 1. (AP_LOOP)
Message[302] C:\USERS\MAURI\DESKTOP\MICROC_MICROP\PIC\PROJETO_FINAL.X\PROJETO.ASM 272 : Register in operand not in bank 0.  Ensure that bank bits are correct.
Warning[207] C:\USERS\MAURI\DESKTOP\MICROC_MICROP\PIC\PROJETO_FINAL.X\PROJETO.ASM 284 : Found label after column 1. (AP_PULA_NOTA_2)
Warning[207] C:\USERS\MAURI\DESKTOP\MICROC_MICROP\PIC\PROJETO_FINAL.X\PROJETO.ASM 295 : Found label after column 1. (AP_PULA_NOTA_5)
Message[302] C:\USERS\MAURI\DESKTOP\MICROC_MICROP\PIC\PROJETO_FINAL.X\PROJETO.ASM 300 : Register in operand not in bank 0.  Ensure that bank bits are correct.
Warning[207] C:\USERS\MAURI\DESKTOP\MICROC_MICROP\PIC\PROJETO_FINAL.X\PROJETO.ASM 312 : Found label after column 1. (AP_FORA_NOTA)
Message[302] C:\USERS\MAURI\DESKTOP\MICROC_MICROP\PIC\PROJETO_FINAL.X\PROJETO.ASM 317 : Register in operand not in bank 0.  Ensure that bank bits are correct.
Warning[207] C:\USERS\MAURI\DESKTOP\MICROC_MICROP\PIC\PROJETO_FINAL.X\PROJETO.ASM 349 : Found label after column 1. (AP_TROCO)
Warning[207] C:\USERS\MAURI\DESKTOP\MICROC_MICROP\PIC\PROJETO_FINAL.X\PROJETO.ASM 362 : Found label after column 1. (APT_LOOP)
Message[302] C:\USERS\MAURI\DESKTOP\MICROC_MICROP\PIC\PROJETO_FINAL.X\PROJETO.ASM 403 : Register in operand not in bank 0.  Ensure that bank bits are correct.
Warning[207] C:\USERS\MAURI\DESKTOP\MICROC_MICROP\PIC\PROJETO_FINAL.X\PROJETO.ASM 408 : Found label after column 1. (aguarda_conversao)
Message[302] C:\USERS\MAURI\DESKTOP\MICROC_MICROP\PIC\PROJETO_FINAL.X\PROJETO.ASM 418 : Register in operand not in bank 0.  Ensure that bank bits are correct.
Message[305] C:\USERS\MAURI\DESKTOP\MICROC_MICROP\PIC\PROJETO_FINAL.X\PROJETO.ASM 443 : Using default destination of 1 (file).
Message[305] C:\USERS\MAURI\DESKTOP\MICROC_MICROP\PIC\PROJETO_FINAL.X\PROJETO.ASM 477 : Using default destination of 1 (file).
Message[305] C:\USERS\MAURI\DESKTOP\MICROC_MICROP\PIC\PROJETO_FINAL.X\PROJETO.ASM 490 : Using default destination of 1 (file).
