MPASM 5.64                       PROJETO.ASM   11-28-2015  18:02:10         PAGE  1


LOC  OBJECT CODE     LINE SOURCE TEXT
  VALUE

                      00001 
                      00002 ; PIC16F877A Configuration Bit Settings
                      00003 
                      00004 ; ASM source line config statements
                      00005 
                      00006 #include "p16F877A.inc"
                      00001         LIST
                      00002 
                      00003 ;==========================================================================
                      00004 ; Build date : Oct 21 2015
                      00005 ;  MPASM PIC16F877A processor include
                      00006 ; 
                      00007 ;  (c) Copyright 1999-2015 Microchip Technology, All rights reserved
                      00008 ;==========================================================================
                      00009 
                      00567         LIST
                      00007 
                      00008 #define BANCO0 BCF STATUS, RP0
                      00009 #define BANCO1 BSF STATUS, RP0
                      00010 
                      00011 
                      00012 ; CONFIG
                      00013 ; __config 0xFFBA
2007   3FBA           00014  __CONFIG _FOSC_HS & _WDTE_OFF & _PWRTE_OFF & _BOREN_OFF & _LVP_ON & _CPD_OFF & _WRT_OFF & _CP_OFF
                      00015 
                      00016     CBLOCK 20h                  ;Criação dos registradores (nossos) a partir da posição 20h da memória
  00000020            00017     contador
  00000021            00018     contador2
  00000022            00019     contador_segundo
  00000023            00020     leitura_analogica
                      00021     ENDC
                      00022 
                      00023 
                      00024     ORG 0
                      00025 
0000   1683           00026     BANCO1
                      00027 
0001   30FE           00028     movlw b'11111110' ;  Habilita saida no pino RB0
Message[302]: Register in operand not in bank 0.  Ensure that bank bits are correct.
0002   0086           00029     movwf TRISB
                      00030     
0003   3000           00031     MOVLW 0
Message[302]: Register in operand not in bank 0.  Ensure that bank bits are correct.
0004   0088           00032     MOVWF TRISD             ;PORTA D É SAÍDA
                      00033 
0005   30EC           00034     MOVLW b'11101100'       ;Quarto bit é configurado como 0 para não estragar a porta D (I/O)
Message[302]: Register in operand not in bank 0.  Ensure that bank bits are correct.
0006   0089           00035     MOVWF TRISE             ;Bits 0 e 1 da porta E são saídas
                      00036     
0007   300E           00037     MOVLW b'00001110'       ;Pinos configurados como digitais
Message[302]: Register in operand not in bank 0.  Ensure that bank bits are correct.
0008   009F           00038     MOVWF ADCON1
                      00039 
MPASM 5.64                       PROJETO.ASM   11-28-2015  18:02:10         PAGE  2


LOC  OBJECT CODE     LINE SOURCE TEXT
  VALUE

0009   1283           00040     BANCO0
                      00041 
                      00042     ; Configura timer para uso em funcao de 1s de atraso
000A   3031           00043     movlw b'00110001' ; Timer 1 com clock interno e prescaler 8
000B   0090           00044     movwf T1CON
                      00045       
000C   2???           00046     CALL    inicia_lcd
                      00047     
                      00048     ;FIM DA CONFIGURACAO
                      00049     
                      00050     
                      00051     
                      00052     
Warning[207]: Found label after column 1. (REINICIA_CANCELA)
000D                  00053     REINICIA_CANCELA
                      00054     
000D   2???           00055     call REINICIA
                      00056     
                      00057     ; AGUARDA ATÉ VEICULO ATIVAR O PRIMEIRO SENSOR E SALVA VALOR DA PORTA NO ACUMULADOR
000E   2???           00058     CALL ESPERA_POR_VEICULO
                      00059     
000F   2???           00060     call espera_1s
0010   2???           00061     call espera_1s
0011   3041           00062     MOVLW   'A'
0012   2???           00063     CALL escreve_dado_lcd
                      00064     
0013   2???           00065     goto REINICIA_CANCELA
                      00066     
                      00067     
Warning[207]: Found label after column 1. (REINICIA)
0014                  00068     REINICIA
0014   0008           00069     return
                      00070 
Warning[207]: Found label after column 1. (ESPERA_POR_VEICULO)
0015                  00071     ESPERA_POR_VEICULO
Warning[207]: Found label after column 1. (EPV_LOOP)
0015                  00072         EPV_LOOP
0015   2???           00073             call le_sinal_analogico     
                      00074             
                      00075             ; Compara valor lido = 0, fica em loop ate valor mudar
0016   3000           00076             movlw 0
0017   0223           00077             subwf leitura_analogica, w
0018   1903           00078             btfsc STATUS,Z
0019   2???           00079             goto EPV_LOOP
                      00080                         
001A   0008           00081     return
                      00082 
001B   2???           00083     GOTO $                       ;Trava programa
                      00084 
                      00085     
001C                  00086 le_sinal_analogico
001C   1683           00087     BANCO1
001D   3000           00088         MOVLW b'00000000'       ;Pinos configurados como digitais
MPASM 5.64                       PROJETO.ASM   11-28-2015  18:02:10         PAGE  3


LOC  OBJECT CODE     LINE SOURCE TEXT
  VALUE

Message[302]: Register in operand not in bank 0.  Ensure that bank bits are correct.
001E   009F           00089         MOVWF ADCON1
001F   1283           00090     BANCO0
0020   300D           00091     MOVLW b'00001101'       ;Configura adcon0
0021   009F           00092     movwf ADCON0
                      00093  
Warning[207]: Found label after column 1. (aguarda_conversao)
0022                  00094     aguarda_conversao
0022   191F           00095         btfsc  ADCON0, 2
0023   2???           00096     goto aguarda_conversao
                      00097 
0024   081E           00098     movfw ADRESH
0025   00A3           00099     movwf leitura_analogica
                      00100     
                      00101     ;Restaura valor (conflito LCD)
0026   1683           00102     BANCO1
0027   300E           00103         MOVLW b'00001110'       ;Pinos configurados como digitais
Message[302]: Register in operand not in bank 0.  Ensure that bank bits are correct.
0028   009F           00104         MOVWF ADCON1
0029   1283           00105     BANCO0
002A   3000           00106     MOVLW b'00000000'
002B   009F           00107     movwf ADCON0
002C   0008           00108  return
                      00109     
                      00110  
                      00111  
                      00112  
002D                  00113 espera_1s
002D   3002           00114     movlw 2
002E   00A2           00115     movwf contador_segundo
                      00116 
002F   300B           00117     movlw 0Bh   ; Valor para 62500 contagens (500ms)
0030   008E           00118     movwf TMR1L ; 2^16 - 62500
0031   30DC           00119     movlw 0DCh
0032   008F           00120     movwf TMR1H
                      00121 
0033                  00122 aguarda_estouro
0033   1C0C           00123        btfss PIR1, TMR1IF ; Espera timer0 estourar
0034   2???           00124        goto aguarda_estouro
0035   300B           00125        movlw 0Bh   ; Valor para 62500 contagens (500ms)
0036   008E           00126        movwf TMR1L ; 2^16 - 62500
0037   30DC           00127        movlw 0DCh
0038   008F           00128        movwf TMR1H
0039   100C           00129        bcf PIR1, TMR1IF ; Limpa flag de estouro
Message[305]: Using default destination of 1 (file).
003A   0BA2           00130        decfsz contador_segundo ; Aguarda 20 ocorrencias
003B   2???           00131        goto aguarda_estouro
003C   0008           00132  return
                      00133     
                      00134  
                      00135  
                      00136  
                      00137  
MPASM 5.64                       PROJETO.ASM   11-28-2015  18:02:10         PAGE  4


LOC  OBJECT CODE     LINE SOURCE TEXT
  VALUE

003D                  00138 escreve_dado_lcd
003D   1409           00139     BSF     PORTE, RE0          ;Define dado no LCD (RS=1)
003E   0088           00140     MOVWF   PORTD
003F   1489           00141     BSF     PORTE, RE1          ;Ativa ENABLE do LCD
0040   1089           00142     BCF     PORTE, RE1          ;Destativa ENABLE do LCD
0041   2???           00143     CALL    atrasa_lcd
0042   0008           00144     RETURN
                      00145 
                      00146     
                      00147     
                      00148     
0043                  00149 escreve_comando_lcd
0043   1009           00150     BCF     PORTE, RE0          ;Define dado no LCD (RS=0)
0044   0088           00151     MOVWF   PORTD
0045   1489           00152     BSF     PORTE, RE1          ;Ativa ENABLE do LCD
0046   1089           00153     BCF     PORTE, RE1          ;Destativa ENABLE do LCD
0047   2???           00154     CALL    atrasa_lcd
0048   0008           00155     RETURN
                      00156 
                      00157     
                      00158     
                      00159     
0049                  00160 atrasa_lcd
0049   3026           00161     MOVLW 26                     ; 8 clocks ( pipe-line nova)
004A   00A0           00162     MOVWF contador               ; 4 clocks
004B                  00163 ret_atrasa_lcd
Message[305]: Using default destination of 1 (file).
004B   0BA0           00164     DECFSZ contador              ; 8 clocks (pipe-line nova)
004C   2???           00165     GOTO ret_atrasa_lcd          ; 4 clocks
004D   0008           00166     RETURN
                      00167 
                      00168 
                      00169     
                      00170     
                      00171     
004E                  00172 atrasa_limpa_lcd
004E   3040           00173     MOVLW 40
004F   00A1           00174     MOVWF contador2
0050                  00175 ret_atrasa_limpa_lcd
0050   2???           00176     CALL atrasa_lcd
Message[305]: Using default destination of 1 (file).
0051   0BA1           00177     DECFSZ contador2
0052   2???           00178     GOTO ret_atrasa_limpa_lcd
0053   0008           00179     RETURN
                      00180     
                      00181     
0054                  00182 limpa_lcd
0054   3001           00183     MOVLW   01h
0055   2???           00184     CALL escreve_comando_lcd
0056   2???           00185     CALL atrasa_limpa_lcd
0057   0008           00186     return
                      00187     
                      00188     
MPASM 5.64                       PROJETO.ASM   11-28-2015  18:02:10         PAGE  5


LOC  OBJECT CODE     LINE SOURCE TEXT
  VALUE

0058                  00189 inicia_lcd
0058   3038           00190     MOVLW   38h
0059   2???           00191     CALL escreve_comando_lcd
                      00192 
005A   3038           00193     MOVLW   38h
005B   2???           00194     CALL escreve_comando_lcd
                      00195 
005C   3038           00196     MOVLW   38h
005D   2???           00197     CALL escreve_comando_lcd
                      00198 
005E   3006           00199     MOVLW   06h
005F   2???           00200     CALL escreve_comando_lcd
                      00201 
0060   300C           00202     MOVLW   0Ch
0061   2???           00203     CALL escreve_comando_lcd
                      00204 
0062   3001           00205     MOVLW   01h
0063   2???           00206     CALL escreve_comando_lcd
0064   2???           00207     CALL atrasa_limpa_lcd
                      00208 
0065   0008           00209     RETURN
                      00210     
3FBA                  00211  END
MPASM 5.64                       PROJETO.ASM   11-28-2015  18:02:10         PAGE  6


SYMBOL TABLE
  LABEL                             VALUE 

ACKDT                             00000005
ACKEN                             00000004
ACKSTAT                           00000006
ADCON0                            0000001F
ADCON1                            0000009F
ADCS0                             00000006
ADCS1                             00000007
ADCS2                             00000006
ADDEN                             00000003
ADFM                              00000007
ADIE                              00000006
ADIF                              00000006
ADON                              00000000
ADRESH                            0000001E
ADRESL                            0000009E
BANCO0                            BCF STATUS, RP0
BANCO1                            BSF STATUS, RP0
BCLIE                             00000003
BCLIF                             00000003
BF                                00000000
BRGH                              00000002
C                                 00000000
C1INV                             00000004
C1OUT                             00000006
C2INV                             00000005
C2OUT                             00000007
CCP1CON                           00000017
CCP1IE                            00000002
CCP1IF                            00000002
CCP1M0                            00000000
CCP1M1                            00000001
CCP1M2                            00000002
CCP1M3                            00000003
CCP1X                             00000005
CCP1Y                             00000004
CCP2CON                           0000001D
CCP2IE                            00000000
CCP2IF                            00000000
CCP2M0                            00000000
CCP2M1                            00000001
CCP2M2                            00000002
CCP2M3                            00000003
CCP2X                             00000005
CCP2Y                             00000004
CCPR1                             00000015
CCPR1H                            00000016
CCPR1L                            00000015
CCPR2                             0000001B
CCPR2H                            0000001C
CCPR2L                            0000001B
CHS0                              00000003
CHS1                              00000004
CHS2                              00000005
MPASM 5.64                       PROJETO.ASM   11-28-2015  18:02:10         PAGE  7


SYMBOL TABLE
  LABEL                             VALUE 

CIS                               00000003
CKE                               00000006
CKP                               00000004
CM0                               00000000
CM1                               00000001
CM2                               00000002
CMCON                             0000009C
CMIE                              00000006
CMIF                              00000006
CREN                              00000004
CSRC                              00000007
CVR0                              00000000
CVR1                              00000001
CVR2                              00000002
CVR3                              00000003
CVRCON                            0000009D
CVREN                             00000007
CVROE                             00000006
CVRR                              00000005
D                                 00000005
DATA_ADDRESS                      00000005
DC                                00000001
D_A                               00000005
D_NOT_A                           00000005
EEADR                             0000010D
EEADRH                            0000010F
EECON1                            0000018C
EECON2                            0000018D
EEDATA                            0000010C
EEDATH                            0000010E
EEIE                              00000004
EEIF                              00000004
EEPGD                             00000007
EPV_LOOP                          00000015
ESPERA_POR_VEICULO                00000015
F                                 00000001
FERR                              00000002
FSR                               00000004
GCEN                              00000007
GIE                               00000007
GO                                00000002
GO_DONE                           00000002
GO_NOT_DONE                       00000002
I2C_DATA                          00000005
I2C_READ                          00000002
I2C_START                         00000003
I2C_STOP                          00000004
IBF                               00000007
IBOV                              00000005
INDF                              00000000
INTCON                            0000000B
INTE                              00000004
INTEDG                            00000006
MPASM 5.64                       PROJETO.ASM   11-28-2015  18:02:10         PAGE  8


SYMBOL TABLE
  LABEL                             VALUE 

INTF                              00000001
IRP                               00000007
NOT_A                             00000005
NOT_ADDRESS                       00000005
NOT_BO                            00000000
NOT_BOR                           00000000
NOT_DONE                          00000002
NOT_PD                            00000003
NOT_POR                           00000001
NOT_RBPU                          00000007
NOT_RC8                           00000006
NOT_T1SYNC                        00000002
NOT_TO                            00000004
NOT_TX8                           00000006
NOT_W                             00000002
NOT_WRITE                         00000002
OBF                               00000006
OERR                              00000001
OPTION_REG                        00000081
P                                 00000004
PCFG0                             00000000
PCFG1                             00000001
PCFG2                             00000002
PCFG3                             00000003
PCL                               00000002
PCLATH                            0000000A
PCON                              0000008E
PEIE                              00000006
PEN                               00000002
PIE1                              0000008C
PIE2                              0000008D
PIR1                              0000000C
PIR2                              0000000D
PORTA                             00000005
PORTB                             00000006
PORTC                             00000007
PORTD                             00000008
PORTE                             00000009
PR2                               00000092
PS0                               00000000
PS1                               00000001
PS2                               00000002
PSA                               00000003
PSPIE                             00000007
PSPIF                             00000007
PSPMODE                           00000004
R                                 00000002
RA0                               00000000
RA1                               00000001
RA2                               00000002
RA3                               00000003
RA4                               00000004
RA5                               00000005
MPASM 5.64                       PROJETO.ASM   11-28-2015  18:02:10         PAGE  9


SYMBOL TABLE
  LABEL                             VALUE 

RB0                               00000000
RB1                               00000001
RB2                               00000002
RB3                               00000003
RB4                               00000004
RB5                               00000005
RB6                               00000006
RB7                               00000007
RBIE                              00000003
RBIF                              00000000
RC0                               00000000
RC1                               00000001
RC2                               00000002
RC3                               00000003
RC4                               00000004
RC5                               00000005
RC6                               00000006
RC7                               00000007
RC8_9                             00000006
RC9                               00000006
RCD8                              00000000
RCEN                              00000003
RCIE                              00000005
RCIF                              00000005
RCREG                             0000001A
RCSTA                             00000018
RD                                00000000
RD0                               00000000
RD1                               00000001
RD2                               00000002
RD3                               00000003
RD4                               00000004
RD5                               00000005
RD6                               00000006
RD7                               00000007
RE0                               00000000
RE1                               00000001
RE2                               00000002
READ_WRITE                        00000002
REINICIA                          00000014
REINICIA_CANCELA                  0000000D
RP0                               00000005
RP1                               00000006
RSEN                              00000001
RX9                               00000006
RX9D                              00000000
R_NOT_W                           00000002
R_W                               00000002
S                                 00000003
SEN                               00000000
SMP                               00000007
SPBRG                             00000099
SPEN                              00000007
MPASM 5.64                       PROJETO.ASM   11-28-2015  18:02:10         PAGE 10


SYMBOL TABLE
  LABEL                             VALUE 

SREN                              00000005
SSPADD                            00000093
SSPBUF                            00000013
SSPCON                            00000014
SSPCON2                           00000091
SSPEN                             00000005
SSPIE                             00000003
SSPIF                             00000003
SSPM0                             00000000
SSPM1                             00000001
SSPM2                             00000002
SSPM3                             00000003
SSPOV                             00000006
SSPSTAT                           00000094
STATUS                            00000003
SYNC                              00000004
T0CS                              00000005
T0IE                              00000005
T0IF                              00000002
T0SE                              00000004
T1CKPS0                           00000004
T1CKPS1                           00000005
T1CON                             00000010
T1INSYNC                          00000002
T1OSCEN                           00000003
T1SYNC                            00000002
T2CKPS0                           00000000
T2CKPS1                           00000001
T2CON                             00000012
TMR0                              00000001
TMR0IE                            00000005
TMR0IF                            00000002
TMR1                              0000000E
TMR1CS                            00000001
TMR1H                             0000000F
TMR1IE                            00000000
TMR1IF                            00000000
TMR1L                             0000000E
TMR1ON                            00000000
TMR2                              00000011
TMR2IE                            00000001
TMR2IF                            00000001
TMR2ON                            00000002
TOUTPS0                           00000003
TOUTPS1                           00000004
TOUTPS2                           00000005
TOUTPS3                           00000006
TRISA                             00000085
TRISA0                            00000000
TRISA1                            00000001
TRISA2                            00000002
TRISA3                            00000003
TRISA4                            00000004
MPASM 5.64                       PROJETO.ASM   11-28-2015  18:02:10         PAGE 11


SYMBOL TABLE
  LABEL                             VALUE 

TRISA5                            00000005
TRISB                             00000086
TRISB0                            00000000
TRISB1                            00000001
TRISB2                            00000002
TRISB3                            00000003
TRISB4                            00000004
TRISB5                            00000005
TRISB6                            00000006
TRISB7                            00000007
TRISC                             00000087
TRISC0                            00000000
TRISC1                            00000001
TRISC2                            00000002
TRISC3                            00000003
TRISC4                            00000004
TRISC5                            00000005
TRISC6                            00000006
TRISC7                            00000007
TRISD                             00000088
TRISD0                            00000000
TRISD1                            00000001
TRISD2                            00000002
TRISD3                            00000003
TRISD4                            00000004
TRISD5                            00000005
TRISD6                            00000006
TRISD7                            00000007
TRISE                             00000089
TRISE0                            00000000
TRISE1                            00000001
TRISE2                            00000002
TRMT                              00000001
TX8_9                             00000006
TX9                               00000006
TX9D                              00000000
TXD8                              00000000
TXEN                              00000005
TXIE                              00000004
TXIF                              00000004
TXREG                             00000019
TXSTA                             00000098
UA                                00000001
W                                 00000000
WCOL                              00000007
WR                                00000001
WREN                              00000002
WRERR                             00000003
Z                                 00000002
_.org_0_001B                      0000001B
_BODEN_OFF                        00003FBF
_BODEN_ON                         00003FFF
_BOREN_OFF                        00003FBF
MPASM 5.64                       PROJETO.ASM   11-28-2015  18:02:10         PAGE 12


SYMBOL TABLE
  LABEL                             VALUE 

_BOREN_ON                         00003FFF
_CONFIG                           00002007
_CPD_OFF                          00003FFF
_CPD_ON                           00003EFF
_CP_ALL                           00001FFF
_CP_OFF                           00003FFF
_CP_ON                            00001FFF
_DEBUG_OFF                        00003FFF
_DEBUG_ON                         000037FF
_DEVID1                           00002006
_FOSC_EXTRC                       00003FFF
_FOSC_HS                          00003FFE
_FOSC_LP                          00003FFC
_FOSC_XT                          00003FFD
_HS_OSC                           00003FFE
_IDLOC0                           00002000
_IDLOC1                           00002001
_IDLOC2                           00002002
_IDLOC3                           00002003
_LP_OSC                           00003FFC
_LVP_OFF                          00003F7F
_LVP_ON                           00003FFF
_PWRTE_OFF                        00003FFF
_PWRTE_ON                         00003FF7
_RC_OSC                           00003FFF
_WDTE_OFF                         00003FFB
_WDTE_ON                          00003FFF
_WDT_OFF                          00003FFB
_WDT_ON                           00003FFF
_WRT_1FOURTH                      00003BFF
_WRT_256                          00003DFF
_WRT_HALF                         000039FF
_WRT_OFF                          00003FFF
_XT_OSC                           00003FFD
__16F877A                         00000001
aguarda_conversao                 00000022
aguarda_estouro                   00000033
atrasa_lcd                        00000049
atrasa_limpa_lcd                  0000004E
contador                          00000020
contador2                         00000021
contador_segundo                  00000022
escreve_comando_lcd               00000043
escreve_dado_lcd                  0000003D
espera_1s                         0000002D
inicia_lcd                        00000058
le_sinal_analogico                0000001C
leitura_analogica                 00000023
limpa_lcd                         00000054
ret_atrasa_lcd                    0000004B
ret_atrasa_limpa_lcd              00000050

MPASM 5.64                       PROJETO.ASM   11-28-2015  18:02:10         PAGE 13





Errors   :     0
Warnings :     5 reported,     0 suppressed
Messages :     9 reported,     0 suppressed

